<?xml version="1.0" encoding="UTF-8"?>
<robot generator="Robot 4.0.1 (Python 3.9.4 on win32)" generated="20210422 16:47:12.978" rpa="false" schemaversion="2">
<suite id="s1" name="TestSitePractice" source="K:\ProjetosRobot\Robot-Framework\SuiteSiteTestPractice\tests\TestSitePractice.robot">
<test id="s1-t1" name="Caso de Teste 01: Pesquisar produto existente">
<kw name="Abrir navegador" library="Resource" type="SETUP">
<kw name="Open Browser" library="SeleniumLibrary">
<arg>about:blank</arg>
<arg>${BROWSER}</arg>
<doc>Opens a new browser instance to the optional ``url``.</doc>
<msg timestamp="20210422 16:47:13.625" level="INFO">Opening browser 'chrome' to base url 'about:blank'.</msg>
<status status="PASS" starttime="20210422 16:47:13.625" endtime="20210422 16:47:28.832"/>
</kw>
<status status="PASS" starttime="20210422 16:47:13.624" endtime="20210422 16:47:28.833"/>
</kw>
<kw name="Acessar a página home do SuiteSiteTestPractice" library="Resource">
<kw name="Go To" library="SeleniumLibrary">
<arg>http://automationpractice.com</arg>
<doc>Navigates the current browser window to the provided ``url``.</doc>
<msg timestamp="20210422 16:47:28.835" level="INFO">Opening url 'http://automationpractice.com'</msg>
<status status="PASS" starttime="20210422 16:47:28.835" endtime="20210422 16:48:07.621"/>
</kw>
<kw name="Title Should Be" library="SeleniumLibrary">
<arg>My Store</arg>
<doc>Verifies that the current page title equals ``title``.</doc>
<msg timestamp="20210422 16:48:07.900" level="INFO">Page title is 'My Store'.</msg>
<status status="PASS" starttime="20210422 16:48:07.621" endtime="20210422 16:48:07.900"/>
</kw>
<status status="PASS" starttime="20210422 16:47:28.833" endtime="20210422 16:48:07.900"/>
</kw>
<kw name="Fechar navegador" library="Resource" type="TEARDOWN">
<kw name="Close Browser" library="SeleniumLibrary">
<doc>Closes the current browser.</doc>
<status status="PASS" starttime="20210422 16:48:07.902" endtime="20210422 16:48:10.498"/>
</kw>
<status status="PASS" starttime="20210422 16:48:07.901" endtime="20210422 16:48:10.498"/>
</kw>
<status status="PASS" starttime="20210422 16:47:13.622" endtime="20210422 16:48:10.499"/>
</test>
<status status="PASS" starttime="20210422 16:47:12.983" endtime="20210422 16:48:10.523"/>
</suite>
<statistics>
<total>
<stat pass="1" fail="0" skip="0">All Tests</stat>
</total>
<tag>
</tag>
<suite>
<stat pass="1" fail="0" skip="0" id="s1" name="TestSitePractice">TestSitePractice</stat>
</suite>
</statistics>
<errors>
</errors>
</robot>
